make all --print-data-base --no-builtin-variables --no-builtin-rules --question
# GNU Make 3.81
# Copyright (C) 2006  Free Software Foundation, Inc.
# This is free software; see the source for copying conditions.
# There is NO warranty; not even for MERCHANTABILITY or FITNESS FOR A
# PARTICULAR PURPOSE.

# This program built for i386-apple-darwin11.3.0

# Make data base, printed on Fri Jun 18 16:50:17 2021

# Variables

# automatic
<D = $(patsubst %/,%,$(dir $<))
# automatic
?F = $(notdir $?)
# environment
VSCODE_LOG_NATIVE = false
# automatic
?D = $(patsubst %/,%,$(dir $?))
# automatic
@D = $(patsubst %/,%,$(dir $@))
# automatic
@F = $(notdir $@)
# makefile
CURDIR := /Users/santiagofitipaldo/Desktop/Facultad/PAV2021
# makefile
SHELL = /bin/sh
# environment
VSCODE_NLS_CONFIG = {"locale":"en-us","availableLanguages":{},"_languagePackSupport":true}
# environment
_ = /usr/bin/make
# makefile (from `Makefile', line 1)
MAKEFILE_LIST :=  Makefile
# environment
VSCODE_NODE_CACHED_DATA_DIR = /Users/santiagofitipaldo/Library/Application Support/Code/CachedData/054a9295330880ed74ceaedda236253b4f39a335
# makefile (from `Makefile', line 8)
OBJ_DIR = Object
# environment
VSCODE_VERBOSE_LOGGING = true
# environment
__CFBundleIdentifier = com.microsoft.VSCode
# environment
VSCODE_IPC_HOOK_EXTHOST = /var/folders/xc/z0wswxzx4z1452qx09fd0nx80000gn/T/vscode-ipc-f007bf01-782b-49a9-93c9-0996504fb4db.sock
# environment
VSCODE_CWD = /
# environment
PATH = /opt/homebrew/bin:/usr/local/bin:/usr/bin:/bin:/usr/sbin:/sbin:/usr/local/mysql/bin/
# environment
VSCODE_LOG_STACK = false
# environment
ELECTRON_RUN_AS_NODE = 1
# default
.FEATURES := target-specific order-only second-expansion else-if archives jobserver check-symlink
# environment
SSH_AUTH_SOCK = /private/tmp/com.apple.launchd.CjBuR9jmGO/Listeners
# automatic
%F = $(notdir $%)
# environment
VSCODE_PIPE_LOGGING = true
# makefile (from `Makefile', line 9)
OBJS = $(OBJ_DIR)/ManejadorAsignatura.o $(OBJ_DIR)/ManejadorClase.o $(OBJ_DIR)/ManejadorPerfil.o $(OBJ_DIR)/ControladorAltaUsuario.o $(OBJ_DIR)/ControladorAsignarAsignaturaDocente.o $(OBJ_DIR)/ControladorAsistenciaClaseEnVivo.o $(OBJ_DIR)/ControladorEliminarAsignatura.o $(OBJ_DIR)/ControladorEnvioDeMensaje.o $(OBJ_DIR)/ControladorAltaAsignatura.o $(OBJ_DIR)/ControladorInicioDeClase.o $(OBJ_DIR)/ControladorInscripcionAsignatura.o $(OBJ_DIR)/Fabrica.o $(OBJ_DIR)/Sesion.o $(OBJ_DIR)/ControladorListarClases.o $(OBJ_DIR)/Asignatura.o $(OBJ_DIR)/AsisteDiferido.o $(OBJ_DIR)/Participacion.o $(OBJ_DIR)/AsisteEnVivo.o $(OBJ_DIR)/Clase.o $(OBJ_DIR)/Docente.o $(OBJ_DIR)/Estudiante.o $(OBJ_DIR)/Monitoreo.o $(OBJ_DIR)/Perfil.o $(OBJ_DIR)/Practico.o $(OBJ_DIR)/Rol.o $(OBJ_DIR)/Teorico.o $(OBJ_DIR)/DtInfoClase.o $(OBJ_DIR)/DtAsignatura.o $(OBJ_DIR)/DtAsistir.o $(OBJ_DIR)/DtClase.o $(OBJ_DIR)/DtClaseAsistencia.o $(OBJ_DIR)/DtDictadoAsignatura.o $(OBJ_DIR)/DtIniciarClase.o $(OBJ_DIR)/DtIniciarClaseFull.o $(OBJ_DIR)/DtIniciarMonitoreo.o $(OBJ_DIR)/DtInstanciaClase.o $(OBJ_DIR)/DtParticipacion.o $(OBJ_DIR)/DtPerfil.o $(OBJ_DIR)/Time.o $(OBJ_DIR)/Log.o $(OBJ_DIR)/main.o
# environment
PWD = /Users/santiagofitipaldo/Desktop/Facultad/PAV2021
# environment
ORIGINAL_XDG_CURRENT_DESKTOP = undefined
# makefile (from `Makefile', line 5)
M_DIR = manejadores
# environment
VSCODE_AMD_ENTRYPOINT = vs/workbench/services/extensions/node/extensionHostProcess
# environment
HOME = /Users/santiagofitipaldo
# default
MAKEFILEPATH = $(shell /usr/bin/xcode-select -print-path 2>/dev/null || echo /Developer)/Makefiles
# environment
LOGNAME = santiagofitipaldo
# environment
APPLICATION_INSIGHTS_NO_DIAGNOSTIC_CHANNEL = true
# environment
VSCODE_HANDLES_UNCAUGHT_ERRORS = true
# automatic
^D = $(patsubst %/,%,$(dir $^))
# environment
XPC_FLAGS = 0x0
# default
MAKE = $(MAKE_COMMAND)
# default
MAKECMDGOALS := all
# environment
SHLVL = 1
# makefile (from `Makefile', line 1)
CC = g++
# default
MAKE_VERSION := 3.81
# environment
USER = santiagofitipaldo
# makefile
.DEFAULT_GOAL := main
# automatic
%D = $(patsubst %/,%,$(dir $%))
# default
MAKE_COMMAND := /Library/Developer/CommandLineTools/usr/bin/make
# default
.VARIABLES := 
# environment
TMPDIR = /var/folders/xc/z0wswxzx4z1452qx09fd0nx80000gn/T/
# automatic
*F = $(notdir $*)
# environment
VSCODE_IPC_HOOK = /Users/santiagofitipaldo/Library/Application Support/Code/1.56.2-main.sock
# makefile
MAKEFLAGS = Rrqp
# environment
MFLAGS = -Rrqp
# automatic
*D = $(patsubst %/,%,$(dir $*))
# environment
XPC_SERVICE_NAME = application.com.microsoft.VSCode.673305.673311
# automatic
+D = $(patsubst %/,%,$(dir $+))
# automatic
+F = $(notdir $+)
# environment
__CF_USER_TEXT_ENCODING = 0x1F5:0x0:0x0
# environment
COMMAND_MODE = unix2003
# default
MAKEFILES := 
# automatic
<F = $(notdir $<)
# makefile (from `Makefile', line 2)
CL_DIR = clases
# environment
LC_ALL = C
# automatic
^F = $(notdir $^)
# makefile (from `Makefile', line 3)
CON_DIR = controladores
# default
SUFFIXES := 
# makefile (from `Makefile', line 6)
DT_DIR = datatypes
# default
.INCLUDE_DIRS = /usr/local/include
# environment
MAKELEVEL := 0
# makefile (from `Makefile', line 4)
I_DIR = interfaces
# environment
LANG = C
# environment
VSCODE_PID = 4038
# variable set hash-table stats:
# Load=70/1024=7%, Rehash=0, Collisions=8/177=5%

# Pattern-specific Variable Values

# No pattern-specific variable values.

# Directories

# . (device 16777234, inode 2233232): 16 files, no impossibilities.

# 16 files, no impossibilities in 1 directories.

# Implicit Rules

# No implicit rules.

# Files

Object/AsisteEnVivo.o: clases/AsisteEnVivo.cpp clases/AsisteEnVivo.h
#  Implicit rule search has not been done.
#  Modification time never checked.
#  File has not been updated.
#  commands to execute (from `Makefile', line 53):
	$(CC) -c $< -o $@
	

# Not a target:
controladores/ControladorAsistenciaClaseEnVivo.cpp:
#  Implicit rule search has not been done.
#  Modification time never checked.
#  File has not been updated.

# Not a target:
controladores/ControladorAltaUsuario.h:
#  Implicit rule search has not been done.
#  Modification time never checked.
#  File has not been updated.

# Not a target:
clases/Perfil.h:
#  Implicit rule search has not been done.
#  Modification time never checked.
#  File has not been updated.

# Not a target:
datatypes/DtInstanciaClase.h:
#  Implicit rule search has not been done.
#  Modification time never checked.
#  File has not been updated.

# Not a target:
manejadores/ManejadorClase.cpp:
#  Implicit rule search has not been done.
#  Modification time never checked.
#  File has not been updated.

# Not a target:
controladores/ControladorEliminarAsignatura.h:
#  Implicit rule search has not been done.
#  Modification time never checked.
#  File has not been updated.

# Not a target:
controladores/ControladorInscripcionAsignatura.cpp:
#  Implicit rule search has not been done.
#  Modification time never checked.
#  File has not been updated.

# Not a target:
clases/Docente.cpp:
#  Implicit rule search has not been done.
#  Modification time never checked.
#  File has not been updated.

# Not a target:
controladores/ControladorEnvioDeMensaje.h:
#  Implicit rule search has not been done.
#  Modification time never checked.
#  File has not been updated.

# Not a target:
controladores/ControladorAltaUsuario.cpp:
#  Implicit rule search has not been done.
#  Modification time never checked.
#  File has not been updated.

# Not a target:
clases/Perfil.cpp:
#  Implicit rule search has not been done.
#  Modification time never checked.
#  File has not been updated.

# Not a target:
datatypes/DtInstanciaClase.cpp:
#  Implicit rule search has not been done.
#  Modification time never checked.
#  File has not been updated.

Object/Docente.o: clases/Docente.cpp clases/Docente.h
#  Implicit rule search has not been done.
#  Modification time never checked.
#  File has not been updated.
#  commands to execute (from `Makefile', line 59):
	$(CC) -c $< -o $@
	

# Not a target:
all:
#  Command-line target.
#  Implicit rule search has been done.
#  File does not exist.
#  File has not been updated.
# variable set hash-table stats:
# Load=0/32=0%, Rehash=0, Collisions=0/0=0%

# Not a target:
datatypes/DtIniciarClaseFull.h:
#  Implicit rule search has not been done.
 
make: *** No rule to make target `all'.  Stop.
 
#  Modification time never checked.
#  File has not been updated.

# Not a target:
clases/Asignatura.h:
#  Implicit rule search has not been done.
#  Modification time never checked.
#  File has not been updated.

Object/DtAsistir.o: datatypes/DtAsistir.cpp datatypes/DtAsistir.h
#  Implicit rule search has not been done.
#  Modification time never checked.
#  File has not been updated.
#  commands to execute (from `Makefile', line 80):
	$(CC) -c $< -o $@
	

Object/Perfil.o: clases/Perfil.cpp clases/Perfil.h
#  Implicit rule search has not been done.
#  Modification time never checked.
#  File has not been updated.
#  commands to execute (from `Makefile', line 65):
	$(CC) -c $< -o $@
	

# Not a target:
clases/Rol.h:
#  Implicit rule search has not been done.
#  Modification time never checked.
#  File has not been updated.

# Not a target:
controladores/ControladorAsignarAsignaturaDocente.h:
#  Implicit rule search has not been done.
#  Modification time never checked.
#  File has not been updated.

# Not a target:
controladores/ControladorEnvioDeMensaje.cpp:
#  Implicit rule search has not been done.
#  Modification time never checked.
#  File has not been updated.

Object/DtInfoClase.o: datatypes/DtInfoClase.cpp datatypes/DtInfoClase.h
#  Implicit rule search has not been done.
#  Modification time never checked.
#  File has not been updated.
#  commands to execute (from `Makefile', line 76):
	$(CC) -c $< -o $@
	

Object/DtDictadoAsignatura.o: datatypes/DtDictadoAsignatura.cpp datatypes/DtDictadoAsignatura.h
#  Implicit rule search has not been done.
#  Modification time never checked.
#  File has not been updated.
#  commands to execute (from `Makefile', line 86):
	$(CC) -c $< -o $@
	

Object/Log.o: datatypes/Log.cpp datatypes/Log.h
#  Implicit rule search has not been done.
#  Modification time never checked.
#  File has not been updated.
#  commands to execute (from `Makefile', line 102):
	$(CC) -c $< -o $@
	

# Not a target:
datatypes/DtIniciarClaseFull.cpp:
#  Implicit rule search has not been done.
#  Modification time never checked.
#  File has not been updated.

Object/DtParticipacion.o: datatypes/DtParticipacion.cpp datatypes/DtParticipacion.h
#  Implicit rule search has not been done.
#  Modification time never checked.
#  File has not been updated.
#  commands to execute (from `Makefile', line 96):
	$(CC) -c $< -o $@
	

Object/ManejadorAsignatura.o: manejadores/ManejadorAsignatura.cpp manejadores/ManejadorAsignatura.h
#  Implicit rule search has not been done.
#  Modification time never checked.
#  File has not been updated.
#  commands to execute (from `Makefile', line 42):
	$(CC) -c $< -o $@
	

# Not a target:
clases/Sesion.h:
#  Implicit rule search has not been done.
#  Modification time never checked.
#  File has not been updated.

Object/Time.o: datatypes/Time.cpp datatypes/Time.h
#  Implicit rule search has not been done.
#  Modification time never checked.
#  File has not been updated.
#  commands to execute (from `Makefile', line 100):
	$(CC) -c $< -o $@
	

# Not a target:
clases/Rol.cpp:
#  Implicit rule search has not been done.
#  Modification time never checked.
#  File has not been updated.

Object/DtPerfil.o: datatypes/DtPerfil.cpp datatypes/DtPerfil.h
#  Implicit rule search has not been done.
#  Modification time never checked.
#  File has not been updated.
#  commands to execute (from `Makefile', line 98):
	$(CC) -c $< -o $@
	

# Not a target:
clases/Participacion.h:
#  Implicit rule search has not been done.
#  Modification time never checked.
#  File has not been updated.

# Not a target:
controladores/ControladorAsignarAsignaturaDocente.cpp:
#  Implicit rule search has not been done.
#  Modification time never checked.
#  File has not been updated.

Object/DtIniciarClase.o: datatypes/DtIniciarClase.cpp datatypes/DtIniciarClase.h
#  Implicit rule search has not been done.
#  Modification time never checked.
#  File has not been updated.
#  commands to execute (from `Makefile', line 88):
	$(CC) -c $< -o $@
	

Object/ControladorListarClases.o: controladores/ControladorListarClases.cpp controladores/ControladorListarClases.h
#  Implicit rule search has not been done.
#  Modification time never checked.
#  File has not been updated.
#  commands to execute (from `Makefile', line 38):
	$(CC) -c $< -o $@
	

# Not a target:
controladores/ControladorEliminarAsignatura.cpp:
#  Implicit rule search has not been done.
#  Modification time never checked.
#  File has not been updated.

Object/Rol.o: clases/Rol.cpp clases/Rol.h
#  Implicit rule search has not been done.
#  Modification time never checked.
#  File has not been updated.
#  commands to execute (from `Makefile', line 69):
	$(CC) -c $< -o $@
	

Object/DtAsignatura.o: datatypes/DtAsignatura.cpp datatypes/DtAsignatura.h
#  Implicit rule search has not been done.
#  Modification time never checked.
#  File has not been updated.
#  commands to execute (from `Makefile', line 78):
	$(CC) -c $< -o $@
	

Object/ControladorAltaAsignatura.o: controladores/ControladorAltaAsignatura.cpp controladores/ControladorAltaAsignatura.h
#  Implicit rule search has not been done.
#  Modification time never checked.
#  File has not been updated.
#  commands to execute (from `Makefile', line 22):
	$(CC) -c $< -o $@
	

# Not a target:
.SUFFIXES:
#  Implicit rule search has not been done.
#  Modification time never checked.
#  File has not been updated.

Object/ManejadorClase.o: manejadores/ManejadorClase.cpp manejadores/ManejadorClase.h
#  Implicit rule search has not been done.
#  Modification time never checked.
#  File has not been updated.
#  commands to execute (from `Makefile', line 44):
	$(CC) -c $< -o $@
	

# Not a target:
clases/Sesion.cpp:
#  Implicit rule search has not been done.
#  Modification time never checked.
#  File has not been updated.

# Not a target:
Makefile:
#  Implicit rule search has been done.
#  Last modified 2021-06-15 23:45:05
#  File has been updated.
#  Successfully updated.
# variable set hash-table stats:
# Load=0/32=0%, Rehash=0, Collisions=0/0=0%

# Not a target:
clases/Asignatura.cpp:
#  Implicit rule search has not been done.
#  Modification time never checked.
#  File has not been updated.

# Not a target:
clases/Participacion.cpp:
#  Implicit rule search has not been done.
#  Modification time never checked.
#  File has not been updated.

Object/ControladorInicioDeClase.o: controladores/ControladorInicioDeClase.cpp controladores/ControladorInicioDeClase.h
#  Implicit rule search has not been done.
#  Modification time never checked.
#  File has not been updated.
#  commands to execute (from `Makefile', line 34):
	$(CC) -c $< -o $@
	

Object/Sesion.o: clases/Sesion.cpp clases/Sesion.h
#  Implicit rule search has not been done.
#  Modification time never checked.
#  File has not been updated.
#  commands to execute (from `Makefile', line 71):
	$(CC) -c $< -o $@	
	

Object/Asignatura.o: clases/Asignatura.cpp clases/Asignatura.h
#  Implicit rule search has not been done.
#  Modification time never checked.
#  File has not been updated.
#  commands to execute (from `Makefile', line 49):
	$(CC) -c $< -o $@
	

Object/Participacion.o: clases/Participacion.cpp clases/Participacion.h
#  Implicit rule search has not been done.
#  Modification time never checked.
#  File has not been updated.
#  commands to execute (from `Makefile', line 55):
	$(CC) -c $< -o $@
	

Object/DtClase.o: datatypes/DtClase.cpp datatypes/DtClase.h
#  Implicit rule search has not been done.
#  Modification time never checked.
#  File has not been updated.
#  commands to execute (from `Makefile', line 82):
	$(CC) -c $< -o $@
	

# Not a target:
datatypes/Log.h:
#  Implicit rule search has not been done.
#  Modification time never checked.
#  File has not been updated.

Object/DtClaseAsistencia.o: datatypes/DtClaseAsistencia.cpp datatypes/DtClaseAsistencia.h
#  Implicit rule search has not been done.
#  Modification time never checked.
#  File has not been updated.
#  commands to execute (from `Makefile', line 84):
	$(CC) -c $< -o $@
	

# Not a target:
main.cpp:
#  Implicit rule search has not been done.
#  Modification time never checked.
#  File has not been updated.

 
# Not a target:
datatypes/DtPerfil.h:
#  Implicit rule search has not been done.
#  Modification time never checked.
#  File has not been updated.

Object/DtIniciarMonitoreo.o: datatypes/DtIniciarMonitoreo.cpp datatypes/DtIniciarMonitoreo.h
#  Implicit rule search has not been done.
#  Modification time never checked.
#  File has not been updated.
#  commands to execute (from `Makefile', line 92):
	$(CC) -c $< -o $@
	

# Not a target:
datatypes/Log.cpp:
#  Implicit rule search has not been done.
#  Modification time never checked.
#  File has not been updated.

# Not a target:
controladores/ControladorListarClases.h:
#  Implicit rule search has not been done.
#  Modification time never checked.
#  File has not been updated.

# Not a target:
datatypes/DtPerfil.cpp:
#  Implicit rule search has not been done.
#  Modification time never checked.
#  File has not been updated.

# Not a target:
controladores/ControladorAltaAsignatura.h:
#  Implicit rule search has not been done.
#  Modification time never checked.
#  File has not been updated.

# Not a target:
controladores/ControladorInicioDeClase.h:
#  Implicit rule search has not been done.
#  Modification time never checked.
#  File has not been updated.

# Not a target:
datatypes/DtAsistir.h:
#  Implicit rule search has not been done.
#  Modification time never checked.
#  File has not been updated.

# Not a target:
controladores/ControladorListarClases.cpp:
#  Implicit rule search has not been done.
#  Modification time never checked.
#  File has not been updated.

# Not a target:
controladores/ControladorAltaAsignatura.cpp:
#  Implicit rule search has not been done.
#  Modification time never checked.
#  File has not been updated.

# Not a target:
datatypes/DtInfoClase.h:
#  Implicit rule search has not been done.
#  Modification time never checked.
#  File has not been updated.

# Not a target:
datatypes/DtDictadoAsignatura.h:
#  Implicit rule search has not been done.
#  Modification time never checked.
#  File has not been updated.

# Not a target:
clases/Teorico.h:
#  Implicit rule search has not been done.
#  Modification time never checked.
#  File has not been updated.

# Not a target:
datatypes/DtParticipacion.h:
#  Implicit rule search has not been done.
#  Modification time never checked.
#  File has not been updated.

# Not a target:
controladores/ControladorInicioDeClase.cpp:
#  Implicit rule search has not been done.
#  Modification time never checked.
#  File has not been updated.

# Not a target:
clases/Monitoreo.h:
#  Implicit rule search has not been done.
#  Modification time never checked.
#  File has not been updated.

# Not a target:
.DEFAULT:
#  Implicit rule search has not been done.
#  Modification time never checked.
#  File has not been updated.

# Not a target:
datatypes/Time.h:
#  Implicit rule search has not been done.
#  Modification time never checked.
#  File has not been updated.

# Not a target:
datatypes/DtIniciarClase.h:
#  Implicit rule search has not been done.
#  Modification time never checked.
#  File has not been updated.

Object/DtInstanciaClase.o: datatypes/DtInstanciaClase.cpp datatypes/DtInstanciaClase.h
#  Implicit rule search has not been done.
#  Modification time never checked.
#  File has not been updated.
#  commands to execute (from `Makefile', line 94):
	$(CC) -c $< -o $@
	

# Not a target:
manejadores/ManejadorPerfil.h:
#  Implicit rule search has not been done.
#  Modification time never checked.
#  File has not been updated.

# Not a target:
datatypes/DtInfoClase.cpp:
#  Implicit rule search has not been done.
#  Modification time never checked.
#  File has not been updated.

# Not a target:
datatypes/DtDictadoAsignatura.cpp:
#  Implicit rule search has not been done.
#  Modification time never checked.
#  File has not been updated.

# Not a target:
clases/Teorico.cpp:
#  Implicit rule search has not been done.
#  Modification time never checked.
#  File has not been updated.

# Not a target:
datatypes/DtAsignatura.h:
#  Implicit rule search has not been done.
#  Modification time never checked.
#  File has not been updated.

# Not a target:
clases/AsisteDiferido.h:
#  Implicit rule search has not been done.
#  Modification time never checked.
#  File has not been updated.

# Not a target:
clases/Practico.h:
#  Implicit rule search has not been done.
#  Modification time never checked.
#  File has not been updated.

# Not a target:
datatypes/DtParticipacion.cpp:
#  Implicit rule search has not been done.
#  Modification time never checked.
#  File has not been updated.

# Not a target:
clases/Monitoreo.cpp:
#  Implicit rule search has not been done.
#  Modification time never checked.
#  File has not been updated.

# Not a target:
datatypes/Time.cpp:
#  Implicit rule search has not been done.
#  Modification time never checked.
#  File has not been updated.

Object/Teorico.o: clases/Teorico.cpp clases/Teorico.h
#  Implicit rule search has not been done.
#  Modification time never checked.
#  File has not been updated.
#  commands to execute (from `Makefile', line 73):
	$(CC) -c $< -o $@
	

clean:
#  Implicit rule search has not been done.
#  Modification time never checked.
#  File has not been updated.
#  commands to execute (from `Makefile', line 106):
	rm -rf $(OBJ_DIR)/*.o obligatorio
	clear
	

# Not a target:
datatypes/DtIniciarClase.cpp:
#  Implicit rule search has not been done.
#  Modification time never checked.
#  File has not been updated.

Object/Monitoreo.o: clases/Monitoreo.cpp clases/Monitoreo.h
#  Implicit rule search has not been done.
#  Modification time never checked.
#  File has not been updated.
#  commands to execute (from `Makefile', line 63):
	$(CC) -c $< -o $@
	

# Not a target:
manejadores/ManejadorPerfil.cpp:
#  Implicit rule search has not been done.
#  Modification time never checked.
#  File has not been updated.

Object/ControladorAsistenciaClaseEnVivo.o: controladores/ControladorAsistenciaClaseEnVivo.cpp controladores/ControladorAsistenciaClaseEnVivo.h
#  Implicit rule search has not been done.
#  Modification time never checked.
#  File has not been updated.
#  commands to execute (from `Makefile', line 28):
	$(CC) -c $< -o $@
	

Object/DtIniciarClaseFull.o: datatypes/DtIniciarClaseFull.cpp datatypes/DtIniciarClaseFull.h
#  Implicit rule search has not been done.
#  Modification time never checked.
#  File has not been updated.
#  commands to execute (from `Makefile', line 90):
	$(CC) -c $< -o $@
	

# Not a target:
datatypes/DtAsignatura.cpp:
#  Implicit rule search has not been done.
#  Modification time never checked.
#  File has not been updated.

# Not a target:
datatypes/DtClase.h:
#  Implicit rule search has not been done.
#  Modification time never checked.
#  File has not been updated.

# Not a target:
clases/AsisteDiferido.cpp:
#  Implicit rule search has not been done.
#  Modification time never checked.
#  File has not been updated.

# Not a target:
clases/Practico.cpp:
#  Implicit rule search has not been done.
#  Modification time never checked.
#  File has not been updated.

# Not a target:
datatypes/DtClaseAsistencia.h:
#  Implicit rule search has not been done.
#  Modification time never checked.
#  File has not been updated.

# Not a target:
clases/Estudiante.h:
#  Implicit rule search has not been done.
#  Modification time never checked.
#  File has not been updated.

Object/ControladorInscripcionAsignatura.o: controladores/ControladorInscripcionAsignatura.cpp controladores/ControladorInscripcionAsignatura.h
#  Implicit rule search has not been done.
#  Modification time never checked.
#  File has not been updated.
#  commands to execute (from `Makefile', line 36):
	$(CC) -c $< -o $@
	

Object/AsisteDiferido.o: clases/AsisteDiferido.cpp clases/AsisteDiferido.h
#  Implicit rule search has not been done.
#  Modification time never checked.
#  File has not been updated.
#  commands to execute (from `Makefile', line 51):
	$(CC) -c $< -o $@
	

Object/Practico.o: clases/Practico.cpp clases/Practico.h
#  Implicit rule search has not been done.
#  Modification time never checked.
#  File has not been updated.
#  commands to execute (from `Makefile', line 67):
	$(CC) -c $< -o $@
	

 
Object/main.o: main.cpp
#  Implicit rule search has not been done.
#  Modification time never checked.
#  File has not been updated.
#  commands to execute (from `Makefile', line 15):
	$(CC) -c $< -o $@
	

Object/ControladorAltaUsuario.o: controladores/ControladorAltaUsuario.cpp controladores/ControladorAltaUsuario.h
#  Implicit rule search has not been done.
#  Modification time never checked.
#  File has not been updated.
#  commands to execute (from `Makefile', line 24):
	$(CC) -c $< -o $@
	

# Not a target:
datatypes/DtIniciarMonitoreo.h:
#  Implicit rule search has not been done.
#  Modification time never checked.
#  File has not been updated.

# Not a target:
datatypes/DtClase.cpp:
#  Implicit rule search has not been done.
#  Modification time never checked.
#  File has not been updated.

# Not a target:
clases/Fabrica.h:
#  Implicit rule search has not been done.
#  Modification time never checked.
#  File has not been updated.

Object/ControladorEliminarAsignatura.o: controladores/ControladorEliminarAsignatura.cpp controladores/ControladorEliminarAsignatura.h
#  Implicit rule search has not been done.
#  Modification time never checked.
#  File has not been updated.
#  commands to execute (from `Makefile', line 30):
	$(CC) -c $< -o $@
	

# Not a target:
datatypes/DtClaseAsistencia.cpp:
#  Implicit rule search has not been done.
#  Modification time never checked.
#  File has not been updated.

main: Object/ManejadorAsignatura.o Object/ManejadorClase.o Object/ManejadorPerfil.o Object/ControladorAltaUsuario.o Object/ControladorAsignarAsignaturaDocente.o Object/ControladorAsistenciaClaseEnVivo.o Object/ControladorEliminarAsignatura.o Object/ControladorEnvioDeMensaje.o Object/ControladorAltaAsignatura.o Object/ControladorInicioDeClase.o Object/ControladorInscripcionAsignatura.o Object/Fabrica.o Object/Sesion.o Object/ControladorListarClases.o Object/Asignatura.o Object/AsisteDiferido.o Object/Participacion.o Object/AsisteEnVivo.o Object/Clase.o Object/Docente.o Object/Estudiante.o Object/Monitoreo.o Object/Perfil.o Object/Practico.o Object/Rol.o Object/Teorico.o Object/DtInfoClase.o Object/DtAsignatura.o Object/DtAsistir.o Object/DtClase.o Object/DtClaseAsistencia.o Object/DtDictadoAsignatura.o Object/DtIniciarClase.o Object/DtIniciarClaseFull.o Object/DtIniciarMonitoreo.o Object/DtInstanciaClase.o Object/DtParticipacion.o Object/DtPerfil.o Object/Time.o Object/Log.o Object/main.o
#  Implicit rule search has not been done.
#  Modification time never checked.
#  File has not been updated.
#  commands to execute (from `Makefile', line 12):
	$(CC) $(OBJS) -o obligatorio
	

# Not a target:
clases/Estudiante.cpp:
#  Implicit rule search has not been done.
#  Modification time never checked.
#  File has not been updated.

Object/ControladorEnvioDeMensaje.o: controladores/ControladorEnvioDeMensaje.cpp controladores/ControladorEnvioDeMensaje.h
#  Implicit rule search has not been done.
#  Modification time never checked.
#  File has not been updated.
#  commands to execute (from `Makefile', line 32):
	$(CC) -c $< -o $@
	

# Not a target:
datatypes/DtAsistir.cpp:
#  Implicit rule search has not been done.
#  Modification time never checked.
#  File has not been updated.

Object/Estudiante.o: clases/Estudiante.cpp clases/Estudiante.h
#  Implicit rule search has not been done.
#  Modification time never checked.
#  File has not been updated.
#  commands to execute (from `Makefile', line 61):
	$(CC) -c $< -o $@
	

# Not a target:
datatypes/DtIniciarMonitoreo.cpp:
#  Implicit rule search has not been done.
#  Modification time never checked.
#  File has not been updated.

# Not a target:
clases/Fabrica.cpp:
#  Implicit rule search has not been done.
#  Modification time never checked.
#  File has not been updated.

# Not a target:
clases/Clase.h:
#  Implicit rule search has not been done.
#  Modification time never checked.
#  File has not been updated.

# Not a target:
clases/AsisteEnVivo.h:
#  Implicit rule search has not been done.
#  Modification time never checked.
#  File has not been updated.

# Not a target:
manejadores/ManejadorAsignatura.h:
#  Implicit rule search has not been done.
#  Modification time never checked.
#  File has not been updated.

Object/Fabrica.o: clases/Fabrica.cpp clases/Fabrica.h
#  Implicit rule search has not been done.
#  Modification time never checked.
#  File has not been updated.
#  commands to execute (from `Makefile', line 19):
	$(CC) -c $< -o $@
	

Object/ControladorAsignarAsignaturaDocente.o: controladores/ControladorAsignarAsignaturaDocente.cpp controladores/ControladorAsignarAsignaturaDocente.h
#  Implicit rule search has not been done.
#  Modification time never checked.
#  File has not been updated.
#  commands to execute (from `Makefile', line 26):
	$(CC) -c $< -o $@
	

# Not a target:
controladores/ControladorAsistenciaClaseEnVivo.h:
#  Implicit rule search has not been done.
#  Modification time never checked.
#  File has not been updated.

Object/ManejadorPerfil.o: manejadores/ManejadorPerfil.cpp manejadores/ManejadorPerfil.h
#  Implicit rule search has not been done.
#  Modification time never checked.
#  File has not been updated.
#  commands to execute (from `Makefile', line 46):
	$(CC) -c $< -o $@
	

# Not a target:
clases/Clase.cpp:
#  Implicit rule search has not been done.
#  Modification time never checked.
#  File has not been updated.

# Not a target:
manejadores/ManejadorClase.h:
#  Implicit rule search has not been done.
#  Modification time never checked.
#  File has not been updated.

# Not a target:
clases/AsisteEnVivo.cpp:
#  Implicit rule search has not been done.
#  Modification time never checked.
#  File has not been updated.

# Not a target:
manejadores/ManejadorAsignatura.cpp:
#  Implicit rule search has not been done.
#  Modification time never checked.
#  File has not been updated.

# Not a target:
controladores/ControladorInscripcionAsignatura.h:
#  Implicit rule search has not been done.
#  Modification time never checked.
#  File has not been updated.

# Not a target:
 
clases/Docente.h:
#  Implicit rule search has not been done.
#  Modification time never checked.
#  File has not been updated.

Object/Clase.o: clases/Clase.cpp clases/Clase.h
#  Implicit rule search has not been done.
#  Modification time never checked.
#  File has not been updated.
#  commands to execute (from `Makefile', line 57):
	$(CC) -c $< -o $@
	

# files hash-table stats:
# Load=128/1024=12%, Rehash=0, Collisions=11/262=4%
# VPATH Search Paths

# No `vpath' search paths.

# No general (`VPATH' variable) search path.

# # of strings in strcache: 1
# # of strcache buffers: 1
# strcache size: total = 4096 / max = 4096 / min = 4096 / avg = 4096
# strcache free: total = 4087 / max = 4087 / min = 4087 / avg = 4087

# Finished Make data base on Fri Jun 18 16:50:17 2021

 
